<?xml version="1.0" encoding="UTF-8"?>
<!-- Generated by org.testng.reporters.JUnitXMLReporter -->
<testsuite ignored="0" hostname="Rajendra" failures="1" tests="1" name="Command line test" time="12.526" errors="0" timestamp="07 Nov 2022 10:40:07 GMT">
  <testcase classname="io.cucumber.testng.AbstractTestNGCucumberTests" name="runScenario" time="9.123">
    <failure type="java.lang.NullPointerException">
      <![CDATA[java.lang.NullPointerException
at com.stepdefs.SearchStepDefs.user_on_home_page(SearchStepDefs.java:36)
at ✽.user on home page(file:///C:/Users/rajen/eclipse-workspace%2021/WACartBDDFramework/src/test/java/com/features/search.feature:5)
]]>
    </failure>
  </testcase> <!-- runScenario -->
</testsuite> <!-- Command line test -->
