-------------------------------------------------------------------------------
Test set: com.runner.TestRunner
-------------------------------------------------------------------------------
Tests run: 1, Failures: 1, Errors: 0, Skipped: 0, Time elapsed: 17.699 sec <<< FAILURE!
runScenario(com.runner.TestRunner)  Time elapsed: 9.13 sec  <<< FAILURE!
java.lang.NullPointerException
	at com.stepdefs.SearchStepDefs.user_on_home_page(SearchStepDefs.java:36)
	at ?.user on home page(file:///C:/Users/rajen/eclipse-workspace%2021/WACartBDDFramework/src/test/java/com/features/search.feature:5)

