<?xml version="1.0" encoding="UTF-8" ?>
<testsuite tests="1" failures="1" name="com.runner.TestRunner" time="9.13" errors="0" skipped="0">
  <properties>
[...]
</properties>
  <testcase classname="com.runner.TestRunner" name="runScenario" time="9.13">
    <failure type="java.lang.NullPointerException">java.lang.NullPointerException
	at com.stepdefs.SearchStepDefs.user_on_home_page(SearchStepDefs.java:36)
	at ✽.user on home page(file:///C:/Users/rajen/eclipse-workspace%2021/WACartBDDFramework/src/test/java/com/features/search.feature:5)
</failure>
    <system-out>Configuring TestNG with: org.apache.maven.surefire.testng.conf.TestNG652Configurator@458c1321
</system-out>
    <system-err>Starting ChromeDriver 103.0.5060.53 (a1711811edd74ff1cf2150f36ffa3b0dae40b17f-refs/branch-heads/5060@{#853}) on port 8611
Only local connections are allowed.
Please see https://chromedriver.chromium.org/security-considerations for suggestions on keeping ChromeDriver safe.
ChromeDriver was started successfully.
Nov 07, 2022 4:09:58 PM org.openqa.selenium.remote.ProtocolHandshake createSession
INFO: Detected dialect: W3C
</system-err>
  </testcase>
</testsuite>