<?xml version="1.0" encoding="UTF-8"?>
<testng-results ignored="0" total="1" passed="0" failed="1" skipped="0">
  <reporter-output>
  </reporter-output>
  <suite started-at="2022-11-07T10:39:55Z" name="com.runner.TestRunner" finished-at="2022-11-07T10:40:07Z" duration-ms="12526">
    <groups>
      <group name="cucumber">
        <method signature="AbstractTestNGCucumberTests.runScenario(io.cucumber.testng.PickleWrapper, io.cucumber.testng.FeatureWrapper)[pri:0, instance:com.runner.TestRunner@4fb61f4a]" name="runScenario" class="io.cucumber.testng.AbstractTestNGCucumberTests"/>
      </group> <!-- cucumber -->
    </groups>
    <test started-at="2022-11-07T10:39:55Z" name="Command line test" finished-at="2022-11-07T10:40:07Z" duration-ms="12526">
      <class name="com.runner.TestRunner">
        <test-method is-config="true" signature="setUpClass(org.testng.ITestContext)[pri:0, instance:com.runner.TestRunner@4fb61f4a]" started-at="2022-11-07T10:39:55Z" name="setUpClass" finished-at="2022-11-07T10:39:56Z" duration-ms="761" status="PASS">
          <params>
            <param index="0">
              <value>
                <![CDATA[org.testng.TestRunner@5c448433]]>
              </value>
            </param>
          </params>
          <reporter-output>
          </reporter-output>
        </test-method> <!-- setUpClass -->
        <test-method signature="runScenario(io.cucumber.testng.PickleWrapper, io.cucumber.testng.FeatureWrapper)[pri:0, instance:com.runner.TestRunner@4fb61f4a]" started-at="2022-11-07T10:39:56Z" name="runScenario" description="Runs Cucumber Scenarios" data-provider="scenarios" finished-at="2022-11-07T10:40:05Z" duration-ms="9123" status="FAIL">
          <params>
            <param index="0">
              <value>
                <![CDATA["Search Functionality"]]>
              </value>
            </param>
            <param index="1">
              <value>
                <![CDATA["WA Cart application test"]]>
              </value>
            </param>
          </params>
          <exception class="java.lang.NullPointerException">
            <full-stacktrace>
              <![CDATA[java.lang.NullPointerException
at com.stepdefs.SearchStepDefs.user_on_home_page(SearchStepDefs.java:36)
at ✽.user on home page(file:///C:/Users/rajen/eclipse-workspace%2021/WACartBDDFramework/src/test/java/com/features/search.feature:5)
]]>
            </full-stacktrace>
          </exception> <!-- java.lang.NullPointerException -->
          <reporter-output>
          </reporter-output>
        </test-method> <!-- runScenario -->
        <test-method is-config="true" signature="tearDownClass()[pri:0, instance:com.runner.TestRunner@4fb61f4a]" started-at="2022-11-07T10:40:05Z" name="tearDownClass" finished-at="2022-11-07T10:40:07Z" duration-ms="2621" status="PASS">
          <reporter-output>
          </reporter-output>
        </test-method> <!-- tearDownClass -->
      </class> <!-- com.runner.TestRunner -->
    </test> <!-- Command line test -->
  </suite> <!-- com.runner.TestRunner -->
</testng-results>
