<?xml version="1.0" encoding="UTF-8"?>
<testng-results skipped="0" failed="1" ignored="0" total="1" passed="0">
  <reporter-output>
  </reporter-output>
  <suite name="Suite" duration-ms="13764" started-at="2022-11-07T10:37:14Z" finished-at="2022-11-07T10:37:28Z">
    <groups>
      <group name="cucumber">
        <method signature="AbstractTestNGCucumberTests.runScenario(io.cucumber.testng.PickleWrapper, io.cucumber.testng.FeatureWrapper)[pri:0, instance:com.runner.TestRunner@6973bf95]" name="runScenario" class="io.cucumber.testng.AbstractTestNGCucumberTests"/>
      </group> <!-- cucumber -->
    </groups>
    <test name="Test" duration-ms="13764" started-at="2022-11-07T10:37:14Z" finished-at="2022-11-07T10:37:28Z">
      <class name="com.runner.TestRunner">
        <test-method status="PASS" signature="setUpClass(org.testng.ITestContext)[pri:0, instance:com.runner.TestRunner@6973bf95]" name="setUpClass" is-config="true" duration-ms="791" started-at="2022-11-07T10:37:14Z" finished-at="2022-11-07T10:37:15Z">
          <params>
            <param index="0">
              <value>
                <![CDATA[org.testng.TestRunner@2c282004]]>
              </value>
            </param>
          </params>
          <reporter-output>
          </reporter-output>
        </test-method> <!-- setUpClass -->
        <test-method status="FAIL" signature="runScenario(io.cucumber.testng.PickleWrapper, io.cucumber.testng.FeatureWrapper)[pri:0, instance:com.runner.TestRunner@6973bf95]" name="runScenario" duration-ms="11233" started-at="2022-11-07T10:37:15Z" description="Runs Cucumber Scenarios" data-provider="scenarios" finished-at="2022-11-07T10:37:26Z">
          <params>
            <param index="0">
              <value>
                <![CDATA["Search Functionality"]]>
              </value>
            </param>
            <param index="1">
              <value>
                <![CDATA["WA Cart application test"]]>
              </value>
            </param>
          </params>
          <exception class="java.lang.NullPointerException">
            <full-stacktrace>
              <![CDATA[java.lang.NullPointerException
at com.stepdefs.SearchStepDefs.user_on_home_page(SearchStepDefs.java:36)
at ✽.user on home page(file:///C:/Users/rajen/eclipse-workspace%2021/WACartBDDFramework/src/test/java/com/features/search.feature:5)
]]>
            </full-stacktrace>
          </exception> <!-- java.lang.NullPointerException -->
          <reporter-output>
          </reporter-output>
        </test-method> <!-- runScenario -->
        <test-method status="PASS" signature="tearDownClass()[pri:0, instance:com.runner.TestRunner@6973bf95]" name="tearDownClass" is-config="true" duration-ms="1705" started-at="2022-11-07T10:37:26Z" finished-at="2022-11-07T10:37:28Z">
          <reporter-output>
          </reporter-output>
        </test-method> <!-- tearDownClass -->
      </class> <!-- com.runner.TestRunner -->
    </test> <!-- Test -->
  </suite> <!-- Suite -->
</testng-results>
