<?xml version="1.0" encoding="UTF-8"?>
<!-- Generated by org.testng.reporters.JUnitReportReporter -->
<testsuite skipped="0" hostname="Rajendra" name="com.runner.TestRunner" tests="1" failures="0" timestamp="07 Nov 2022 10:37:28 GMT" time="11.233" errors="1">
  <testcase name="runScenario" time="11.233" classname="com.runner.TestRunner">
    <error type="java.lang.NullPointerException">
      <![CDATA[java.lang.NullPointerException
at com.stepdefs.SearchStepDefs.user_on_home_page(SearchStepDefs.java:36)
at ✽.user on home page(file:///C:/Users/rajen/eclipse-workspace%2021/WACartBDDFramework/src/test/java/com/features/search.feature:5)
]]>
    </error>
  </testcase> <!-- runScenario -->
</testsuite> <!-- com.runner.TestRunner -->
