<?xml version="1.0" encoding="UTF-8"?>
<!-- Generated by org.testng.reporters.JUnitReportReporter -->
<testsuite hostname="Rajendra" failures="0" tests="1" name="com.runner.TestRunner" time="9.123" errors="1" timestamp="07 Nov 2022 10:40:07 GMT" skipped="0">
  <testcase classname="com.runner.TestRunner" name="runScenario" time="9.123">
    <error type="java.lang.NullPointerException">
      <![CDATA[java.lang.NullPointerException
at com.stepdefs.SearchStepDefs.user_on_home_page(SearchStepDefs.java:36)
at ✽.user on home page(file:///C:/Users/rajen/eclipse-workspace%2021/WACartBDDFramework/src/test/java/com/features/search.feature:5)
]]>
    </error>
  </testcase> <!-- runScenario -->
</testsuite> <!-- com.runner.TestRunner -->
